10_Fragments/app/build/intermediates/manifest_merge_blame_file/debug/manifest-merger-blame-debug-report.txt
1<?xml version="1.0" encoding="utf-8"?>
2<manifest xmlns:android="http://schemas.android.com/apk/res/android"
3    package="com.example.a10_fragments"
4    android:versionCode="1"
5    android:versionName="1.0" >
6
7    <uses-sdk
8        android:minSdkVersion="22"
8-->src\main\AndroidManifest.xml
9        android:targetSdkVersion="30" />
9-->src\main\AndroidManifest.xml
10
11    <uses-permission android:name="android.permission.INTERNET" />
11-->src\main\AndroidManifest.xml:5:5-67
11-->src\main\AndroidManifest.xml:5:22-64
12
13    <application
13-->src\main\AndroidManifest.xml:7:5-21:19
14        android:allowBackup="true"
14-->src\main\AndroidManifest.xml:8:13-39
15        android:appComponentFactory="androidx.core.app.CoreComponentFactory"
15-->[androidx.core:core:1.2.0] AndroidManifest.xml:24:18-86
16        android:debuggable="true"
17        android:icon="@mipmap/ic_launcher"
17-->src\main\AndroidManifest.xml:9:13-47
18        android:label="@string/app_name"
18-->src\main\AndroidManifest.xml:10:13-45
19        android:roundIcon="@mipmap/ic_launcher_round"
19-->src\main\AndroidManifest.xml:11:13-58
20        android:supportsRtl="true"
20-->src\main\AndroidManifest.xml:12:13-39
21        android:testOnly="true"
22        android:theme="@style/AppTheme" >
22-->src\main\AndroidManifest.xml:13:13-44
23        <activity android:name="com.example.a10_fragments.MainActivity" >
23-->src\main\AndroidManifest.xml:14:9-20:20
23-->src\main\AndroidManifest.xml:14:19-47
24            <intent-filter>
24-->src\main\AndroidManifest.xml:15:13-19:29
25                <action android:name="android.intent.action.MAIN" />
25-->src\main\AndroidManifest.xml:16:17-68
25-->src\main\AndroidManifest.xml:16:25-66
26
27                <category android:name="android.intent.category.LAUNCHER" />
27-->src\main\AndroidManifest.xml:18:17-76
27-->src\main\AndroidManifest.xml:18:27-74
28            </intent-filter>
29        </activity>
30        <activity
30-->[com.google.android.gms:play-services-base:11.0.4] AndroidManifest.xml:19:9-172
31            android:name="com.google.android.gms.common.api.GoogleApiActivity"
31-->[com.google.android.gms:play-services-base:11.0.4] AndroidManifest.xml:19:19-85
32            android:exported="false"
32-->[com.google.android.gms:play-services-base:11.0.4] AndroidManifest.xml:19:146-170
33            android:theme="@android:style/Theme.Translucent.NoTitleBar" />
33-->[com.google.android.gms:play-services-base:11.0.4] AndroidManifest.xml:19:86-145
34
35        <provider
35-->[com.google.firebase:firebase-common:11.0.4] AndroidManifest.xml:6:9-194
36            android:name="com.google.firebase.provider.FirebaseInitProvider"
36-->[com.google.firebase:firebase-common:11.0.4] AndroidManifest.xml:6:79-143
37            android:authorities="com.example.a10_fragments.firebaseinitprovider"
37-->[com.google.firebase:firebase-common:11.0.4] AndroidManifest.xml:6:19-78
38            android:exported="false"
38-->[com.google.firebase:firebase-common:11.0.4] AndroidManifest.xml:6:144-168
39            android:initOrder="100" />
39-->[com.google.firebase:firebase-common:11.0.4] AndroidManifest.xml:6:169-192
40
41        <meta-data
41-->[com.google.android.gms:play-services-basement:11.0.4] AndroidManifest.xml:20:9-121
42            android:name="com.google.android.gms.version"
42-->[com.google.android.gms:play-services-basement:11.0.4] AndroidManifest.xml:20:20-65
43            android:value="@integer/google_play_services_version" />
43-->[com.google.android.gms:play-services-basement:11.0.4] AndroidManifest.xml:20:66-119
44    </application>
45
46</manifest>